This is pdfTeX, Version 3.141592653-2.6-1.40.22 (TeX Live 2022/dev/Debian) (preloaded format=pdflatex 2024.8.8)  19 SEP 2025 18:09
entering extended mode
 restricted \write18 enabled.
 %&-line parsing enabled.
**2-reportskelett.tex
(./2-reportskelett.tex
LaTeX2e <2021-11-15> patch level 1
L3 programming layer <2022-01-21>
(/usr/share/texlive/texmf-dist/tex/latex/base/article.cls
Document Class: article 2021/10/04 v1.4n Standard LaTeX document class
(/usr/share/texlive/texmf-dist/tex/latex/base/size12.clo
File: size12.clo 2021/10/04 v1.4n Standard LaTeX file (size option)
)
\c@part=\count185
\c@section=\count186
\c@subsection=\count187
\c@subsubsection=\count188
\c@paragraph=\count189
\c@subparagraph=\count190
\c@figure=\count191
\c@table=\count192
\abovecaptionskip=\skip47
\belowcaptionskip=\skip48
\bibindent=\dimen138
)
(/usr/share/texlive/texmf-dist/tex/generic/babel/babel.sty
Package: babel 2022/01/26 3.70 The Babel package
\babel@savecnt=\count193
\U@D=\dimen139
\l@unhyphenated=\language3

(/usr/share/texlive/texmf-dist/tex/generic/babel/txtbabel.def)
\bbl@readstream=\read2
\bbl@dirlevel=\count194


! Package babel Error: Unknown option 'swedish'. Either you misspelled it
(babel)                or the language definition file swedish.ldf was not foun
d.

See the babel package documentation for explanation.
Type  H <return>  for immediate help.
 ...                                              
                                                  
l.4254 \ProcessOptions*
                       
? R
OK, entering \nonstopmode...
Package babel Info: You haven't specified a language. I'll use 'nil'
(babel)             as the main language. Reported on input line 4299.
(/usr/share/texlive/texmf-dist/tex/generic/babel/nil.ldf
Language: nil 2022/01/26 3.70 Nil language
\l@nil=\language4
))
(/usr/share/texlive/texmf-dist/tex/latex/base/inputenc.sty
Package: inputenc 2021/02/14 v1.3d Input encoding file
\inpenc@prehook=\toks16
\inpenc@posthook=\toks17
)
(/usr/share/texlive/texmf-dist/tex/latex/amsmath/amsmath.sty
Package: amsmath 2021/10/15 v2.17l AMS math features
\@mathmargin=\skip49

For additional information on amsmath, use the `?' option.
(/usr/share/texlive/texmf-dist/tex/latex/amsmath/amstext.sty
Package: amstext 2021/08/26 v2.01 AMS text

(/usr/share/texlive/texmf-dist/tex/latex/amsmath/amsgen.sty
File: amsgen.sty 1999/11/30 v2.0 generic functions
\@emptytoks=\toks18
\ex@=\dimen140
))
(/usr/share/texlive/texmf-dist/tex/latex/amsmath/amsbsy.sty
Package: amsbsy 1999/11/29 v1.2d Bold Symbols
\pmbraise@=\dimen141
)
(/usr/share/texlive/texmf-dist/tex/latex/amsmath/amsopn.sty
Package: amsopn 2021/08/26 v2.02 operator names
)
\inf@bad=\count195
LaTeX Info: Redefining \frac on input line 234.
\uproot@=\count196
\leftroot@=\count197
LaTeX Info: Redefining \overline on input line 399.
\classnum@=\count198
\DOTSCASE@=\count199
LaTeX Info: Redefining \ldots on input line 496.
LaTeX Info: Redefining \dots on input line 499.
LaTeX Info: Redefining \cdots on input line 620.
\Mathstrutbox@=\box50
\strutbox@=\box51
\big@size=\dimen142
LaTeX Font Info:    Redeclaring font encoding OML on input line 743.
LaTeX Font Info:    Redeclaring font encoding OMS on input line 744.
\macc@depth=\count266
\c@MaxMatrixCols=\count267
\dotsspace@=\muskip16
\c@parentequation=\count268
\dspbrk@lvl=\count269
\tag@help=\toks19
\row@=\count270
\column@=\count271
\maxfields@=\count272
\andhelp@=\toks20
\eqnshift@=\dimen143
\alignsep@=\dimen144
\tagshift@=\dimen145
\tagwidth@=\dimen146
\totwidth@=\dimen147
\lineht@=\dimen148
\@envbody=\toks21
\multlinegap=\skip50
\multlinetaggap=\skip51
\mathdisplay@stack=\toks22
LaTeX Info: Redefining \[ on input line 2938.
LaTeX Info: Redefining \] on input line 2939.
)
(/usr/share/texlive/texmf-dist/tex/latex/amscls/amsthm.sty
Package: amsthm 2020/05/29 v2.20.6
\thm@style=\toks23
\thm@bodyfont=\toks24
\thm@headfont=\toks25
\thm@notefont=\toks26
\thm@headpunct=\toks27
\thm@preskip=\skip52
\thm@postskip=\skip53
\thm@headsep=\skip54
\dth@everypar=\toks28
)
(/usr/share/texlive/texmf-dist/tex/latex/amsfonts/amssymb.sty
Package: amssymb 2013/01/14 v3.01 AMS font symbols

(/usr/share/texlive/texmf-dist/tex/latex/amsfonts/amsfonts.sty
Package: amsfonts 2013/01/14 v3.01 Basic AMSFonts support
\symAMSa=\mathgroup4
\symAMSb=\mathgroup5
LaTeX Font Info:    Redeclaring math symbol \hbar on input line 98.
LaTeX Font Info:    Overwriting math alphabet `\mathfrak' in version `bold'
(Font)                  U/euf/m/n --> U/euf/b/n on input line 106.
))
(/usr/share/texlive/texmf-dist/tex/latex/geometry/geometry.sty
Package: geometry 2020/01/02 v5.9 Page Geometry

(/usr/share/texlive/texmf-dist/tex/latex/graphics/keyval.sty
Package: keyval 2014/10/28 v1.15 key=value parser (DPC)
\KV@toks@=\toks29
)
(/usr/share/texlive/texmf-dist/tex/generic/iftex/ifvtex.sty
Package: ifvtex 2019/10/25 v1.7 ifvtex legacy package. Use iftex instead.

(/usr/share/texlive/texmf-dist/tex/generic/iftex/iftex.sty
Package: iftex 2020/03/06 v1.0d TeX engine tests
))
\Gm@cnth=\count273
\Gm@cntv=\count274
\c@Gm@tempcnt=\count275
\Gm@bindingoffset=\dimen149
\Gm@wd@mp=\dimen150
\Gm@odd@mp=\dimen151
\Gm@even@mp=\dimen152
\Gm@layoutwidth=\dimen153
\Gm@layoutheight=\dimen154
\Gm@layouthoffset=\dimen155
\Gm@layoutvoffset=\dimen156
\Gm@dimlist=\toks30
)
(/usr/share/texlive/texmf-dist/tex/latex/lineno/lineno.sty
Package: lineno 2005/11/02 line numbers on paragraphs v4.41
\linenopenalty=\count276
\output=\toks31
\linenoprevgraf=\count277
\linenumbersep=\dimen157
\linenumberwidth=\dimen158
\c@linenumber=\count278
\c@pagewiselinenumber=\count279
\c@LN@truepage=\count280
\c@internallinenumber=\count281
\c@internallinenumbers=\count282
\quotelinenumbersep=\dimen159
\bframerule=\dimen160
\bframesep=\dimen161
\bframebox=\box52
LaTeX Info: Redefining \\ on input line 3056.
)
(/usr/share/texlive/texmf-dist/tex/latex/l3backend/l3backend-pdftex.def
File: l3backend-pdftex.def 2022-01-12 L3 backend support: PDF output (pdfTeX)
\l__color_backend_stack_int=\count283
\l__pdf_internal_box=\box53
)
(./2-reportskelett.aux)
\openout1 = `2-reportskelett.aux'.

LaTeX Font Info:    Checking defaults for OML/cmm/m/it on input line 45.
LaTeX Font Info:    ... okay on input line 45.
LaTeX Font Info:    Checking defaults for OMS/cmsy/m/n on input line 45.
LaTeX Font Info:    ... okay on input line 45.
LaTeX Font Info:    Checking defaults for OT1/cmr/m/n on input line 45.
LaTeX Font Info:    ... okay on input line 45.
LaTeX Font Info:    Checking defaults for T1/cmr/m/n on input line 45.
LaTeX Font Info:    ... okay on input line 45.
LaTeX Font Info:    Checking defaults for TS1/cmr/m/n on input line 45.
LaTeX Font Info:    ... okay on input line 45.
LaTeX Font Info:    Checking defaults for OMX/cmex/m/n on input line 45.
LaTeX Font Info:    ... okay on input line 45.
LaTeX Font Info:    Checking defaults for U/cmr/m/n on input line 45.
LaTeX Font Info:    ... okay on input line 45.

*geometry* driver: auto-detecting
*geometry* detected driver: pdftex
*geometry* verbose mode - [ preamble ] result:
* driver: pdftex
* paper: a4paper
* layout: <same size as paper>
* layoutoffset:(h,v)=(0.0pt,0.0pt)
* modes: includehead includefoot 
* h-part:(L,W,R)=(72.2698pt, 452.96826pt, 72.2698pt)
* v-part:(T,H,B)=(72.2698pt, 700.50723pt, 72.2698pt)
* \paperwidth=597.50787pt
* \paperheight=845.04684pt
* \textwidth=452.96826pt
* \textheight=633.50723pt
* \oddsidemargin=-0.00018pt
* \evensidemargin=-0.00018pt
* \topmargin=-0.00018pt
* \headheight=12.0pt
* \headsep=25.0pt
* \topskip=12.0pt
* \footskip=30.0pt
* \marginparwidth=35.0pt
* \marginparsep=10.0pt
* \columnsep=10.0pt
* \skip\footins=10.8pt plus 4.0pt minus 2.0pt
* \hoffset=0.0pt
* \voffset=0.0pt
* \mag=1000
* \@twocolumnfalse
* \@twosidefalse
* \@mparswitchfalse
* \@reversemarginfalse
* (1in=72.27pt=25.4mm, 1cm=28.453pt)

LaTeX Font Info:    Trying to load font information for U+msa on input line 49.

(/usr/share/texlive/texmf-dist/tex/latex/amsfonts/umsa.fd
File: umsa.fd 2013/01/14 v3.01 AMS symbols A
)
LaTeX Font Info:    Trying to load font information for U+msb on input line 49.


(/usr/share/texlive/texmf-dist/tex/latex/amsfonts/umsb.fd
File: umsb.fd 2013/01/14 v3.01 AMS symbols B
)
Overfull \hbox (7.73799pt too wide) in paragraph at lines 53--55
[]\OT1/cmr/m/n/10.95 H^^?ar skriver du en kort sammanfattning av rapporten som 
inneh^^Waller det viktigaste. 
 []


! Package amsmath Error: Multiple \label's: label 'eq:1' will be lost.

See the amsmath package documentation for explanation.
Type  H <return>  for immediate help.
 ...                                              
                                                  
l.87     \end{align}
                    
Your command was ignored.
Type  I <command> <return>  to replace it with another command,
or  <return>  to continue without it.

[1

{/var/lib/texmf/fonts/map/pdftex/updmap/pdftex.map}]

LaTeX Warning: Command \texttwosuperior invalid in math mode on input line 99.


LaTeX Warning: Command \texttwosuperior invalid in math mode on input line 99.

Missing character: There is no  in font cmr8!

LaTeX Warning: Command \texttwosuperior invalid in math mode on input line 99.


LaTeX Warning: Command \texttwosuperior invalid in math mode on input line 99.

Missing character: There is no  in font cmr8!

! Package amsmath Error: Multiple \label's: label 'eq:2' will be lost.

See the amsmath package documentation for explanation.
Type  H <return>  for immediate help.
 ...                                              
                                                  
l.99     \end{align}
                    
Your command was ignored.
Type  I <command> <return>  to replace it with another command,
or  <return>  to continue without it.


LaTeX Warning: Command \texttwosuperior invalid in math mode on input line 99.


LaTeX Warning: Command \texttwosuperior invalid in math mode on input line 99.

Missing character: There is no  in font cmr8!

LaTeX Warning: Command \texttwosuperior invalid in math mode on input line 99.


LaTeX Warning: Command \texttwosuperior invalid in math mode on input line 99.

Missing character: There is no  in font cmr8!

LaTeX Warning: Command \texttwosuperior invalid in math mode on input line 104.



LaTeX Warning: Command \texttwosuperior invalid in math mode on input line 104.


Missing character: There is no  in font cmr8!

LaTeX Warning: Command \texttwosuperior invalid in math mode on input line 119.



LaTeX Warning: Command \texttwosuperior invalid in math mode on input line 119.


Missing character: There is no  in font cmr8!

LaTeX Warning: Command \texttwosuperior invalid in math mode on input line 159.



LaTeX Warning: Command \texttwosuperior invalid in math mode on input line 159.


Missing character: There is no  in font cmr8!

LaTeX Warning: Command \texttwosuperior invalid in math mode on input line 159.



LaTeX Warning: Command \texttwosuperior invalid in math mode on input line 159.


Missing character: There is no  in font cmr8!

LaTeX Warning: Command \texttwosuperior invalid in math mode on input line 159.



LaTeX Warning: Command \texttwosuperior invalid in math mode on input line 159.


Missing character: There is no  in font cmr12!

LaTeX Warning: Command \texttwosuperior invalid in math mode on input line 159.



LaTeX Warning: Command \texttwosuperior invalid in math mode on input line 159.


Missing character: There is no  in font cmr8!

LaTeX Warning: Command \texttwosuperior invalid in math mode on input line 159.



LaTeX Warning: Command \texttwosuperior invalid in math mode on input line 159.



LaTeX Warning: Command \texttwosuperior invalid in math mode on input line 159.



LaTeX Warning: Command \texttwosuperior invalid in math mode on input line 159.



LaTeX Warning: Command \texttwosuperior invalid in math mode on input line 159.



LaTeX Warning: Command \texttwosuperior invalid in math mode on input line 159.



LaTeX Warning: Command \texttwosuperior invalid in math mode on input line 159.



LaTeX Warning: Command \texttwosuperior invalid in math mode on input line 159.


Missing character: There is no  in font cmr8!
Missing character: There is no  in font cmr12!
Missing character: There is no  in font cmr12!
Missing character: There is no  in font cmr8!

LaTeX Warning: Command \texttwosuperior invalid in math mode on input line 159.



LaTeX Warning: Command \texttwosuperior invalid in math mode on input line 159.



LaTeX Warning: Command \texttwosuperior invalid in math mode on input line 159.



LaTeX Warning: Command \texttwosuperior invalid in math mode on input line 159.


Missing character: There is no  in font cmr8!
Missing character: There is no  in font cmr12!

LaTeX Warning: Command \texttwosuperior invalid in math mode on input line 159.



LaTeX Warning: Command \texttwosuperior invalid in math mode on input line 159.


Missing character: There is no  in font cmr8!

LaTeX Warning: Command \texttwosuperior invalid in math mode on input line 159.



LaTeX Warning: Command \texttwosuperior invalid in math mode on input line 159.


Missing character: There is no  in font cmr12!

LaTeX Warning: Command \texttwosuperior invalid in math mode on input line 159.



LaTeX Warning: Command \texttwosuperior invalid in math mode on input line 159.


Missing character: There is no  in font cmr8!

LaTeX Warning: Command \texttwosuperior invalid in math mode on input line 159.



LaTeX Warning: Command \texttwosuperior invalid in math mode on input line 159.


Missing character: There is no  in font cmr8!

LaTeX Warning: Command \texttwosuperior invalid in math mode on input line 159.



LaTeX Warning: Command \texttwosuperior invalid in math mode on input line 159.


Missing character: There is no  in font cmr12!

LaTeX Warning: Command \texttwosuperior invalid in math mode on input line 159.



LaTeX Warning: Command \texttwosuperior invalid in math mode on input line 159.


Missing character: There is no  in font cmr8!

LaTeX Warning: Command \texttwosuperior invalid in math mode on input line 159.



LaTeX Warning: Command \texttwosuperior invalid in math mode on input line 159.



LaTeX Warning: Command \texttwosuperior invalid in math mode on input line 159.



LaTeX Warning: Command \texttwosuperior invalid in math mode on input line 159.



LaTeX Warning: Command \texttwosuperior invalid in math mode on input line 159.



LaTeX Warning: Command \texttwosuperior invalid in math mode on input line 159.



LaTeX Warning: Command \texttwosuperior invalid in math mode on input line 159.



LaTeX Warning: Command \texttwosuperior invalid in math mode on input line 159.


Missing character: There is no  in font cmr8!
Missing character: There is no  in font cmr12!
Missing character: There is no  in font cmr12!
Missing character: There is no  in font cmr8!

LaTeX Warning: Command \texttwosuperior invalid in math mode on input line 159.



LaTeX Warning: Command \texttwosuperior invalid in math mode on input line 159.



LaTeX Warning: Command \texttwosuperior invalid in math mode on input line 159.



LaTeX Warning: Command \texttwosuperior invalid in math mode on input line 159.


Missing character: There is no  in font cmr8!
Missing character: There is no  in font cmr12!

LaTeX Warning: Command \texttwosuperior invalid in math mode on input line 159.



LaTeX Warning: Command \texttwosuperior invalid in math mode on input line 159.


Missing character: There is no  in font cmr8!

LaTeX Warning: Command \texttwosuperior invalid in math mode on input line 159.



LaTeX Warning: Command \texttwosuperior invalid in math mode on input line 159.


Missing character: There is no  in font cmr12!
[2]
Overfull \hbox (4.7445pt too wide) in paragraph at lines 164--170
\OT1/cmr/m/n/12 funktionerna mot variablerna. $\OML/cmm/m/it/12 a \OMS/cmsy/m/n
/12 ^^A \OML/cmm/m/it/12 e[] > \OT1/cmr/m/n/12 0$ och vi kan g^^?ora om det til
l en andragradsfunktion
 []


LaTeX Warning: Command \texttwosuperior invalid in math mode on input line 190.



LaTeX Warning: Command \texttwosuperior invalid in math mode on input line 190.


Missing character: There is no  in font cmr12!

LaTeX Warning: Command \texttwosuperior invalid in math mode on input line 190.



LaTeX Warning: Command \texttwosuperior invalid in math mode on input line 190.


Missing character: There is no  in font cmr12!

LaTeX Warning: Command \texttwosuperior invalid in math mode on input line 190.



LaTeX Warning: Command \texttwosuperior invalid in math mode on input line 190.


Missing character: There is no  in font cmr12!

LaTeX Warning: Command \texttwosuperior invalid in math mode on input line 190.



LaTeX Warning: Command \texttwosuperior invalid in math mode on input line 190.


Missing character: There is no  in font cmr12!

Underfull \hbox (badness 4913) in paragraph at lines 211--216
[]\OT1/cmr/m/n/12 Albert Einstein. \OT1/cmr/m/it/12 Zur Elektrodynamik bewegter
 K^^?orper\OT1/cmr/m/n/12 . (German) [\OT1/cmr/m/it/12 On the
 []

[3] (./2-reportskelett.aux) ) 
Here is how much of TeX's memory you used:
 3599 strings out of 480247
 55592 string characters out of 5896152
 365506 words of memory out of 5000000
 21530 multiletter control sequences out of 15000+600000
 481460 words of font info for 74 fonts, out of 8000000 for 9000
 14 hyphenation exceptions out of 8191
 55i,11n,62p,271b,291s stack positions out of 5000i,500n,10000p,200000b,80000s
 </nfs/fs3/fs3/students/i/o/ionlun-5/.texlive2021/
texmf-var/fonts/pk/ljfour/jknappen/ec/tcrm0700.600pk>{/usr/share/texmf/fonts/en
c/dvips/cm-super/cm-super-ts1.enc}</usr/share/texlive/texmf-dist/fonts/type1/pu
blic/amsfonts/cm/cmbx10.pfb></usr/share/texlive/texmf-dist/fonts/type1/public/a
msfonts/cm/cmbx12.pfb></usr/share/texlive/texmf-dist/fonts/type1/public/amsfont
s/cm/cmex10.pfb></usr/share/texlive/texmf-dist/fonts/type1/public/amsfonts/cm/c
mmi12.pfb></usr/share/texlive/texmf-dist/fonts/type1/public/amsfonts/cm/cmmi8.p
fb></usr/share/texlive/texmf-dist/fonts/type1/public/amsfonts/cm/cmr10.pfb></us
r/share/texlive/texmf-dist/fonts/type1/public/amsfonts/cm/cmr12.pfb></usr/share
/texlive/texmf-dist/fonts/type1/public/amsfonts/cm/cmr17.pfb></usr/share/texliv
e/texmf-dist/fonts/type1/public/amsfonts/cm/cmr6.pfb></usr/share/texlive/texmf-
dist/fonts/type1/public/amsfonts/cm/cmr8.pfb></usr/share/texlive/texmf-dist/fon
ts/type1/public/amsfonts/cm/cmsy10.pfb></usr/share/texlive/texmf-dist/fonts/typ
e1/public/amsfonts/cm/cmsy8.pfb></usr/share/texlive/texmf-dist/fonts/type1/publ
ic/amsfonts/cm/cmti12.pfb></usr/share/texlive/texmf-dist/fonts/type1/public/ams
fonts/cm/cmti8.pfb></usr/share/texlive/texmf-dist/fonts/type1/public/amsfonts/c
m/cmtt10.pfb></usr/share/texmf/fonts/type1/public/cm-super/sfrm1000.pfb>
Output written on 2-reportskelett.pdf (3 pages, 178622 bytes).
PDF statistics:
 100 PDF objects out of 1000 (max. 8388607)
 61 compressed objects within 1 object stream
 0 named destinations out of 1000 (max. 500000)
 1 words of extra memory for PDF output out of 10000 (max. 10000000)

