This is pdfTeX, Version 3.141592653-2.6-1.40.27 (TeX Live 2025) (preloaded format=pdflatex 2025.9.12)  16 SEP 2025 17:39
entering extended mode
 restricted \write18 enabled.
 %&-line parsing enabled.
**1-about-koch-start-1.tex
(./1-about-koch-start-1.tex
LaTeX2e <2024-11-01> patch level 2
L3 programming layer <2025-01-18>
(/usr/local/texlive/2025basic/texmf-dist/tex/latex/base/article.cls
Document Class: article 2024/06/29 v1.4n Standard LaTeX document class
(/usr/local/texlive/2025basic/texmf-dist/tex/latex/base/size12.clo
File: size12.clo 2024/06/29 v1.4n Standard LaTeX file (size option)
)
\c@part=\count196
\c@section=\count197
\c@subsection=\count198
\c@subsubsection=\count199
\c@paragraph=\count266
\c@subparagraph=\count267
\c@figure=\count268
\c@table=\count269
\abovecaptionskip=\skip49
\belowcaptionskip=\skip50
\bibindent=\dimen141
)
(/usr/local/texlive/2025basic/texmf-dist/tex/latex/base/inputenc.sty
Package: inputenc 2024/02/08 v1.3d Input encoding file
\inpenc@prehook=\toks17
\inpenc@posthook=\toks18
)
(/usr/local/texlive/2025basic/texmf-dist/tex/generic/babel/babel.sty
Package: babel 2025/02/14 v25.4 The multilingual framework for pdfLaTeX, LuaLaT
eX and XeLaTeX
\babel@savecnt=\count270
\U@D=\dimen142
\l@unhyphenated=\language23

(/usr/local/texlive/2025basic/texmf-dist/tex/generic/babel/txtbabel.def)
\bbl@readstream=\read2
\bbl@dirlevel=\count271

(/usr/local/texlive/2025basic/texmf-dist/tex/generic/babel-swedish/swedish.ldf
Language: swedish 2021/02/06 v2.3e Swedish support from the babel system
Package babel Info: Making " an active character on input line 90.
))
(/usr/local/texlive/2025basic/texmf-dist/tex/generic/babel/locale/sv/babel-swed
ish.tex
Package babel Info: Importing font and identification data for swedish
(babel)             from babel-sv.ini. Reported on input line 11.
)
(/usr/local/texlive/2025basic/texmf-dist/tex/latex/fancyvrb/fancyvrb.sty
Package: fancyvrb 2024/01/20 4.5c verbatim text (tvz,hv)

(/usr/local/texlive/2025basic/texmf-dist/tex/latex/graphics/keyval.sty
Package: keyval 2022/05/29 v1.15 key=value parser (DPC)
\KV@toks@=\toks19
)
\FV@CodeLineNo=\count272
\FV@InFile=\read3
\FV@TabBox=\box52
\c@FancyVerbLine=\count273
\FV@StepNumber=\count274
\FV@OutFile=\write3
)
(/usr/local/texlive/2025basic/texmf-dist/tex/latex/l3backend/l3backend-pdftex.d
ef
File: l3backend-pdftex.def 2024-05-08 L3 backend support: PDF output (pdfTeX)
\l__color_backend_stack_int=\count275
\l__pdf_internal_box=\box53
)
No file 1-about-koch-start-1.aux.
\openout1 = `1-about-koch-start-1.aux'.

LaTeX Font Info:    Checking defaults for OML/cmm/m/it on input line 12.
LaTeX Font Info:    ... okay on input line 12.
LaTeX Font Info:    Checking defaults for OMS/cmsy/m/n on input line 12.
LaTeX Font Info:    ... okay on input line 12.
LaTeX Font Info:    Checking defaults for OT1/cmr/m/n on input line 12.
LaTeX Font Info:    ... okay on input line 12.
LaTeX Font Info:    Checking defaults for T1/cmr/m/n on input line 12.
LaTeX Font Info:    ... okay on input line 12.
LaTeX Font Info:    Checking defaults for TS1/cmr/m/n on input line 12.
LaTeX Font Info:    ... okay on input line 12.
LaTeX Font Info:    Checking defaults for OMX/cmex/m/n on input line 12.
LaTeX Font Info:    ... okay on input line 12.
LaTeX Font Info:    Checking defaults for U/cmr/m/n on input line 12.
LaTeX Font Info:    ... okay on input line 12.
LaTeX Font Info:    External font `cmex10' loaded for size
(Font)              <20.74> on input line 14.
LaTeX Font Info:    External font `cmex10' loaded for size
(Font)              <14.4> on input line 14.
LaTeX Font Info:    External font `cmex10' loaded for size
(Font)              <12> on input line 14.
LaTeX Font Info:    External font `cmex10' loaded for size
(Font)              <7> on input line 14.
LaTeX Font Info:    External font `cmex10' loaded for size
(Font)              <10.95> on input line 18.
LaTeX Font Info:    External font `cmex10' loaded for size
(Font)              <8> on input line 18.
LaTeX Font Info:    External font `cmex10' loaded for size
(Font)              <6> on input line 18.
LaTeX Font Info:    External font `cmex10' loaded for size
(Font)              <5> on input line 49.


[1

{/usr/local/texlive/2025basic/texmf-var/fonts/map/pdftex/updmap/pdftex.map}]
Overfull \hbox (2.04593pt too wide) in paragraph at lines 65--68
[]\OT1/cmr/m/n/12 Annars ska-par du ba-ra en mas-sa pro-blem f[]or dig sj[]alv.
 []Aven sm^^Wa []andringar
 []



[2]
LaTeX Font Info:    Font shape `OT1/cmtt/bx/n' in size <17.28> not available
(Font)              Font shape `OT1/cmtt/m/n' tried instead on input line 144.


[3]
Overfull \hbox (4.01994pt too wide) in paragraph at lines 169--172
[][][]\OT1/cmtt/m/n/12 \usepackage[utf8]{inputenc} []\OT1/cmr/m/n/12 anger den 
tec-ken-kod-ning som anv[]ands.
 []



[4]

[5]

[6]
Overfull \hbox (0.11705pt too wide) in paragraph at lines 344--350
\OT1/cmr/m/n/12 Kommandot [][]\OT1/cmtt/m/n/12 \ref []\OT1/cmr/m/n/12 anv[]ands
 f[]or att re-fe-re-ra till n^^Wagot i do-ku-men-tet som m[]arkts
 []



[7]

[8]

LaTeX Warning: Reference `eq:first' on page 9 undefined on input line 461.


LaTeX Warning: Reference `eq:first' on page 9 undefined on input line 468.



[9]

[10]

LaTeX Warning: Reference `sec:maas' on page 11 undefined on input line 628.



[11]

[12]

[13] (./1-about-koch-start-1.aux)
 ***********
LaTeX2e <2024-11-01> patch level 2
L3 programming layer <2025-01-18>
 ***********


LaTeX Warning: There were undefined references.


LaTeX Warning: Label(s) may have changed. Rerun to get cross-references right.

 ) 
Here is how much of TeX's memory you used:
 2077 strings out of 474662
 37755 string characters out of 5751109
 442830 words of memory out of 5000000
 25158 multiletter control sequences out of 15000+600000
 567381 words of font info for 65 fonts, out of 8000000 for 9000
 319 hyphenation exceptions out of 8191
 42i,8n,52p,199b,288s stack positions out of 10000i,1000n,20000p,200000b,200000s
 </Users/ionlund/Library/texlive/2025basic/texmf-var/fonts/pk/ljfour/jknappen
/ec/tcrm1200.600pk></usr/local/texlive/2025basic/texmf-dist/fonts/type1/public/
amsfonts/cm/cmbx10.pfb></usr/local/texlive/2025basic/texmf-dist/fonts/type1/pub
lic/amsfonts/cm/cmbx12.pfb></usr/local/texlive/2025basic/texmf-dist/fonts/type1
/public/amsfonts/cm/cmex10.pfb></usr/local/texlive/2025basic/texmf-dist/fonts/t
ype1/public/amsfonts/cm/cmmi12.pfb></usr/local/texlive/2025basic/texmf-dist/fon
ts/type1/public/amsfonts/cm/cmmi6.pfb></usr/local/texlive/2025basic/texmf-dist/
fonts/type1/public/amsfonts/cm/cmmi8.pfb></usr/local/texlive/2025basic/texmf-di
st/fonts/type1/public/amsfonts/cm/cmr10.pfb></usr/local/texlive/2025basic/texmf
-dist/fonts/type1/public/amsfonts/cm/cmr12.pfb></usr/local/texlive/2025basic/te
xmf-dist/fonts/type1/public/amsfonts/cm/cmr17.pfb></usr/local/texlive/2025basic
/texmf-dist/fonts/type1/public/amsfonts/cm/cmr6.pfb></usr/local/texlive/2025bas
ic/texmf-dist/fonts/type1/public/amsfonts/cm/cmr7.pfb></usr/local/texlive/2025b
asic/texmf-dist/fonts/type1/public/amsfonts/cm/cmr8.pfb></usr/local/texlive/202
5basic/texmf-dist/fonts/type1/public/amsfonts/cm/cmsy10.pfb></usr/local/texlive
/2025basic/texmf-dist/fonts/type1/public/amsfonts/cm/cmsy6.pfb></usr/local/texl
ive/2025basic/texmf-dist/fonts/type1/public/amsfonts/cm/cmsy8.pfb></usr/local/t
exlive/2025basic/texmf-dist/fonts/type1/public/amsfonts/cm/cmti12.pfb></usr/loc
al/texlive/2025basic/texmf-dist/fonts/type1/public/amsfonts/cm/cmtt10.pfb></usr
/local/texlive/2025basic/texmf-dist/fonts/type1/public/amsfonts/cm/cmtt12.pfb>
Output written on 1-about-koch-start-1.pdf (13 pages, 234700 bytes).
PDF statistics:
 142 PDF objects out of 1000 (max. 8388607)
 89 compressed objects within 1 object stream
 0 named destinations out of 1000 (max. 500000)
 1 words of extra memory for PDF output out of 10000 (max. 10000000)

